<?xml version="1.0" encoding="UTF-8"?>
<testsuite name="examples.pokesolidexample.services.PokemonFightServiceTest" tests="3" skipped="0" failures="0" errors="0" timestamp="2022-05-09T13:17:55" hostname="DESKTOP-HNF1IN9" time="0.947">
  <properties/>
  <testcase name="shouldReturnDefenseValue()" classname="examples.pokesolidexample.services.PokemonFightServiceTest" time="0.9"/>
  <testcase name="shouldReturnAttackValue()" classname="examples.pokesolidexample.services.PokemonFightServiceTest" time="0.005"/>
  <testcase name="shouldDoFight()" classname="examples.pokesolidexample.services.PokemonFightServiceTest" time="0.04"/>
  <system-out><![CDATA[Get attack value.
300
Get attack value.
700
Starting a fight......
Get attack value.
600
Get defense value.
500
Successful attack.
Reduce life support.
]]></system-out>
  <system-err><![CDATA[]]></system-err>
</testsuite>
