<?xml version="1.0" encoding="UTF-8"?>
<testsuite name="examples.pokesolidexample.services.PokemonLifeServiceTest" tests="3" skipped="0" failures="0" errors="0" timestamp="2022-05-09T13:17:56" hostname="DESKTOP-HNF1IN9" time="0.012">
  <properties/>
  <testcase name="shouldReducePokemonLifeAndDie()" classname="examples.pokesolidexample.services.PokemonLifeServiceTest" time="0.007"/>
  <testcase name="shouldAddLifeToPokemon()" classname="examples.pokesolidexample.services.PokemonLifeServiceTest" time="0.001"/>
  <testcase name="shouldReducePokemonLifeAndLives()" classname="examples.pokesolidexample.services.PokemonLifeServiceTest" time="0.001"/>
  <system-out><![CDATA[Reduce life support.
Magikarp is dead.
Get more life support.
Reduce life support.
]]></system-out>
  <system-err><![CDATA[]]></system-err>
</testsuite>
